  Determining projects to restore...
  All projects are up-to-date for restore.
D:\Project\saas-multi-tenant-project\saas-multi-tenant-platform\SaaSPlatform.Api\Controllers\TenantsController.cs(2,17): error CS0234: The type or namespace name 'EntityFrameworkCore' does not exist in the namespace 'Microsoft' (are you missing an assembly reference?) [D:\Project\saas-multi-tenant-project\saas-multi-tenant-platform\SaaSPlatform.Api\SaaSPlatform.Api.csproj]
D:\Project\saas-multi-tenant-project\saas-multi-tenant-platform\SaaSPlatform.Api\Data\AppDbContext.cs(1,17): error CS0234: The type or namespace name 'EntityFrameworkCore' does not exist in the namespace 'Microsoft' (are you missing an assembly reference?) [D:\Project\saas-multi-tenant-project\saas-multi-tenant-platform\SaaSPlatform.Api\SaaSPlatform.Api.csproj]
D:\Project\saas-multi-tenant-project\saas-multi-tenant-platform\SaaSPlatform.Api\Program.cs(1,17): error CS0234: The type or namespace name 'EntityFrameworkCore' does not exist in the namespace 'Microsoft' (are you missing an assembly reference?) [D:\Project\saas-multi-tenant-project\saas-multi-tenant-platform\SaaSPlatform.Api\SaaSPlatform.Api.csproj]
D:\Project\saas-multi-tenant-project\saas-multi-tenant-platform\SaaSPlatform.Api\Data\AppDbContext.cs(6,29): error CS0246: The type or namespace name 'DbContext' could not be found (are you missing a using directive or an assembly reference?) [D:\Project\saas-multi-tenant-project\saas-multi-tenant-platform\SaaSPlatform.Api\SaaSPlatform.Api.csproj]
D:\Project\saas-multi-tenant-project\saas-multi-tenant-platform\SaaSPlatform.Api\Data\AppDbContext.cs(8,25): error CS0246: The type or namespace name 'DbContextOptions<>' could not be found (are you missing a using directive or an assembly reference?) [D:\Project\saas-multi-tenant-project\saas-multi-tenant-platform\SaaSPlatform.Api\SaaSPlatform.Api.csproj]
D:\Project\saas-multi-tenant-project\saas-multi-tenant-platform\SaaSPlatform.Api\Data\AppDbContext.cs(13,12): error CS0246: The type or namespace name 'DbSet<>' could not be found (are you missing a using directive or an assembly reference?) [D:\Project\saas-multi-tenant-project\saas-multi-tenant-platform\SaaSPlatform.Api\SaaSPlatform.Api.csproj]
D:\Project\saas-multi-tenant-project\saas-multi-tenant-platform\SaaSPlatform.Api\Data\AppDbContext.cs(14,12): error CS0246: The type or namespace name 'DbSet<>' could not be found (are you missing a using directive or an assembly reference?) [D:\Project\saas-multi-tenant-project\saas-multi-tenant-platform\SaaSPlatform.Api\SaaSPlatform.Api.csproj]

Build FAILED.

D:\Project\saas-multi-tenant-project\saas-multi-tenant-platform\SaaSPlatform.Api\Controllers\TenantsController.cs(2,17): error CS0234: The type or namespace name 'EntityFrameworkCore' does not exist in the namespace 'Microsoft' (are you missing an assembly reference?) [D:\Project\saas-multi-tenant-project\saas-multi-tenant-platform\SaaSPlatform.Api\SaaSPlatform.Api.csproj]
D:\Project\saas-multi-tenant-project\saas-multi-tenant-platform\SaaSPlatform.Api\Data\AppDbContext.cs(1,17): error CS0234: The type or namespace name 'EntityFrameworkCore' does not exist in the namespace 'Microsoft' (are you missing an assembly reference?) [D:\Project\saas-multi-tenant-project\saas-multi-tenant-platform\SaaSPlatform.Api\SaaSPlatform.Api.csproj]
D:\Project\saas-multi-tenant-project\saas-multi-tenant-platform\SaaSPlatform.Api\Program.cs(1,17): error CS0234: The type or namespace name 'EntityFrameworkCore' does not exist in the namespace 'Microsoft' (are you missing an assembly reference?) [D:\Project\saas-multi-tenant-project\saas-multi-tenant-platform\SaaSPlatform.Api\SaaSPlatform.Api.csproj]
D:\Project\saas-multi-tenant-project\saas-multi-tenant-platform\SaaSPlatform.Api\Data\AppDbContext.cs(6,29): error CS0246: The type or namespace name 'DbContext' could not be found (are you missing a using directive or an assembly reference?) [D:\Project\saas-multi-tenant-project\saas-multi-tenant-platform\SaaSPlatform.Api\SaaSPlatform.Api.csproj]
D:\Project\saas-multi-tenant-project\saas-multi-tenant-platform\SaaSPlatform.Api\Data\AppDbContext.cs(8,25): error CS0246: The type or namespace name 'DbContextOptions<>' could not be found (are you missing a using directive or an assembly reference?) [D:\Project\saas-multi-tenant-project\saas-multi-tenant-platform\SaaSPlatform.Api\SaaSPlatform.Api.csproj]
D:\Project\saas-multi-tenant-project\saas-multi-tenant-platform\SaaSPlatform.Api\Data\AppDbContext.cs(13,12): error CS0246: The type or namespace name 'DbSet<>' could not be found (are you missing a using directive or an assembly reference?) [D:\Project\saas-multi-tenant-project\saas-multi-tenant-platform\SaaSPlatform.Api\SaaSPlatform.Api.csproj]
D:\Project\saas-multi-tenant-project\saas-multi-tenant-platform\SaaSPlatform.Api\Data\AppDbContext.cs(14,12): error CS0246: The type or namespace name 'DbSet<>' could not be found (are you missing a using directive or an assembly reference?) [D:\Project\saas-multi-tenant-project\saas-multi-tenant-platform\SaaSPlatform.Api\SaaSPlatform.Api.csproj]
    0 Warning(s)
    7 Error(s)

Time Elapsed 00:00:01.24
